{"Oz":{"count": 2, "min": 8.0, "aver": 8.0, "max": 8.0},
"KG":{"count": 4, "min": 1.0, "aver": 525.25, "max": 1000.0},
"Minutes":{"count": 143, "min": 2.0, "aver": 125.05594405594405, "max": 2014.0},
"tons":{"count": 73, "min": 0.5, "aver": 166.03904109589038, "max": 2500.0},
"cm":{"count": 5559, "min": 0.0, "aver": 35.253507825148475, "max": 2000.0},
"km":{"count": 32963, "min": 0.0, "aver": 779.5073576434183, "max": 1256768.0},
"K":{"count": 1303, "min": 0.0, "aver": 736.8795471987718, "max": 25735.0},
"Ft":{"count": 5, "min": 217.0, "aver": 1934.8, "max": 4473.0},
"weeks":{"count": 1000, "min": 2.0, "aver": 36.77599999999997, "max": 260.0},
"yard":{"count": 3, "min": 1.0, "aver": 342.0, "max": 1000.0},
"POUND":{"count": 3, "min": 400.0, "aver": 400.0, "max": 400.0},
"mg":{"count": 376, "min": 0.05, "aver": 397.33441489361707, "max": 2572.5},
"kilometers":{"count": 1456, "min": 0.1, "aver": 227.96044642857146, "max": 35800.0},
"KILOMETERS":{"count": 15, "min": 20.0, "aver": 582.8000000000001, "max": 833.0},
"FT":{"count": 218, "min": 0.4, "aver": 91.08715596330276, "max": 6288.0},
"k":{"count": 60, "min": 2.0, "aver": 326.8658333333334, "max": 6000.0},
"gallon":{"count": 10, "min": 0.45, "aver": 466.09, "max": 3000.0},
"Weeks":{"count": 3, "min": 2.0, "aver": 2.0, "max": 2.0},
"pound":{"count": 46, "min": 0.5, "aver": 226.71086956521737, "max": 5000.0},
"G":{"count": 94, "min": 0.0, "aver": 615.9436170212765, "max": 40307.0},
"kG":{"count": 18, "min": 2.5, "aver": 16.166666666666668, "max": 100.0},
"ounce":{"count": 6, "min": 3.68, "aver": 5.703333333333333, "max": 12.0},
"FEET":{"count": 72, "min": 0.0, "aver": 3354.833333333334, "max": 12000.0},
"Degrees":{"count": 319, "min": 0.5, "aver": 3.9846394984326015, "max": 180.0},
"MG":{"count": 1, "min": 100.0, "aver": 100.0, "max": 100.0},
"m":{"count": 21211, "min": 0.0, "aver": 5560.171074442545, "max": 6378136.6},
"feet":{"count": 1599, "min": 0.0, "aver": 769.3113570981868, "max": 65000.0},
"Yard":{"count": 1, "min": 200.0, "aver": 200.0, "max": 200.0},
"Days":{"count": 45, "min": 2.0, "aver": 37.044444444444444, "max": 365.0},
"Pound":{"count": 8, "min": 11.0, "aver": 351.375, "max": 400.0},
"Examples":{"count": 10, "min": 1.0, "aver": 10.77, "max": 40.0},
"LBS":{"count": 1, "min": 300.0, "aver": 300.0, "max": 300.0},
"Mg":{"count": 20, "min": 2.0, "aver": 115.05, "max": 346.0},
"inch":{"count": 491, "min": 0.01, "aver": 15.668350305498992, "max": 94.0},
"MILES":{"count": 1, "min": 3.0, "aver": 3.0, "max": 3.0},
"Meters":{"count": 36, "min": 2.0, "aver": 218.11111111111114, "max": 1400.0},
"Mi":{"count": 1, "min": 3.5, "aver": 3.5, "max": 3.5},
"Followers":{"count": 23, "min": 1.0, "aver": 190.4347826086956, "max": 773.0},
"Kg":{"count": 7, "min": 20.0, "aver": 1496.9857142857143, "max": 6220.0},
"miles":{"count": 2475, "min": 0.0, "aver": 247.22243636363658, "max": 22240.0},
"examples":{"count": 23, "min": 2.0, "aver": 40.60869565217392, "max": 300.0},
"tonne":{"count": 26, "min": 1.5, "aver": 13.88461538461538, "max": 45.0},
"M":{"count": 10420, "min": 0.0, "aver": 641.3827456813822, "max": 8848.0},
"c":{"count": 20, "min": 1.0, "aver": 62.15, "max": 581.0},
"Tons":{"count": 1, "min": 220.0, "aver": 220.0, "max": 220.0},
"meters":{"count": 9524, "min": 0.0, "aver": 1164.587055858883, "max": 6378137.0},
"dollar":{"count": 3, "min": 5.0, "aver": 1334.3333333333333, "max": 1999.0},
"kg":{"count": 925, "min": 0.06, "aver": 536.6846270270267, "max": 13800.0},
"Km":{"count": 450, "min": 0.0, "aver": 95.02711111111107, "max": 2200.0},
"MINUTES":{"count": 7, "min": 5.0, "aver": 15.571428571428571, "max": 45.0},
"hours":{"count": 16182, "min": 0.0, "aver": 33.16623964899278, "max": 42012.0},
"mi":{"count": 395, "min": 0.0, "aver": 325.65787341772125, "max": 2260.0},
"KM":{"count": 3126, "min": 0.0, "aver": 52.237236084452995, "max": 2011.0},
"MI":{"count": 1, "min": 3.0, "aver": 3.0, "max": 3.0},
"minutes":{"count": 8010, "min": 0.0, "aver": 131.71681023720333, "max": 525600.0},
"Dollar":{"count": 6, "min": 40.0, "aver": 40.0, "max": 40.0},
"DAYS":{"count": 4, "min": 3.7, "aver": 10.925, "max": 17.0},
"HOURS":{"count": 24, "min": 0.3, "aver": 20.412500000000005, "max": 127.0},
"EXAMPLES":{"count": 1, "min": 2.4, "aver": 2.4, "max": 2.4},
"kM":{"count": 1, "min": 111.17, "aver": 111.17, "max": 111.17},
"C":{"count": 1010, "min": 0.0, "aver": 299.371584158416, "max": 6343.0},
"degrees":{"count": 9571, "min": 0.0, "aver": 61.19082332044705, "max": 6000.0},
"DEGREES":{"count": 2, "min": 30.0, "aver": 45.0, "max": 60.0},
"g":{"count": 235, "min": 0.05, "aver": 162.5022553191489, "max": 2685.0},
"lbs":{"count": 125, "min": 1.5, "aver": 533.4080000000002, "max": 9862.0},
"Degree":{"count": 545, "min": 0.25, "aver": 2.851376146788991, "max": 40.0},
"cM":{"count": 4, "min": 1.0, "aver": 62.25, "max": 198.0},
"METERS":{"count": 925, "min": 0.0, "aver": 824.931967567567, "max": 3932.0},
"in":{"count": 5107, "min": 0.0, "aver": 1675133.9488466808, "max": 8457909090.0},
"Kilometers":{"count": 14, "min": 100.0, "aver": 823.9285714285714, "max": 10025.0},
"Lbs":{"count": 5, "min": 11.0, "aver": 36.8, "max": 54.0},
"followers":{"count": 46, "min": 2.0, "aver": 135.89130434782612, "max": 3300.0},
"CM":{"count": 201, "min": 0.0, "aver": 110.25422885572146, "max": 2000.0},
"Hours":{"count": 645, "min": 1.5, "aver": 49.97286821705428, "max": 8760.0},
"kilos":{"count": 4, "min": 30.0, "aver": 101.25, "max": 250.0},
"Cm":{"count": 9, "min": 10.7, "aver": 10.700000000000001, "max": 10.7},
"kilogram":{"count": 16, "min": 0.2, "aver": 20.695, "max": 200.0},
"Inch":{"count": 1, "min": 6.0, "aver": 6.0, "max": 6.0},
"Miles":{"count": 53, "min": 2.0, "aver": 283.88679245283026, "max": 1981.0},
"DEGREE":{"count": 1, "min": 18.0, "aver": 18.0, "max": 18.0},
"INCH":{"count": 1, "min": 3.0, "aver": 3.0, "max": 3.0},
"IN":{"count": 13, "min": 3.5, "aver": 1539058.576923077, "max": 9996600.0},
"ft":{"count": 575, "min": 0.0, "aver": 2275.6880000000006, "max": 90000.0},
"degree":{"count": 4843, "min": 0.0, "aver": 7.351164567416863, "max": 850.0},
"gal":{"count": 61, "min": 1.5, "aver": 130.344262295082, "max": 1000.0},
"days":{"count": 3503, "min": 0.25, "aver": 285.88301741364495, "max": 530589.0},
"oz":{"count": 108, "min": 0.25, "aver": 7.8625, "max": 80.0},
"In":{"count": 44, "min": 1.0, "aver": 164946.03659090912, "max": 3605413.0},
"Feet":{"count": 44, "min": 1.0, "aver": 9242.318181818182, "max": 105842.0}}
