{
	"FEET":{"max": 12000.0, "min": 0.0, "aver": 3182.9745762711864, "count": 118},
	"cM":{"max": 198.0, "min": 1.0, "aver": 46.0, "count": 7},
	"Ft":{"min": 180.0, "aver": 1256.3076923076924, "count": 13, "max": 4473.0},
	"miles":{"min": 0.0, "aver": 382.5281500872599, "count": 4584, "max": 638746.0},
	"ft":{"min": 0.0, "aver": 2165.900403940888, "count": 1015, "max": 90000.0},
	"Feet":{"min": 1.0, "aver": 6742.546511627907, "count": 86, "max": 105842.0},
	"Miles":{"min": 2.0, "aver": 452.5287356321839, "count": 87, "max": 10025.0},
	"km":{"min": 0.0, "aver": 15523.168775174225, "count": 60727, "max": 820000000.0},
	"CM":{"min": 0.0, "aver": 106.6973753280838, "count": 381, "max": 2015.0},
	"KILOMETERS":{"min": 20.0, "aver": 603.2413793103449, "count": 29, "max": 833.0},
	"Mi":{"min": 3.5, "aver": 3.5, "count": 1, "max": 3.5},
	"MI":{"min": 3.0, "aver": 3.0, "count": 2, "max": 3.0},
	"cm":{"min": 0.0, "aver": 34.810532767108185, "count": 10361, "max": 2000.0},
	"Cm":{"min": 10.7, "aver": 10.699999999999998, "count": 16, "max": 10.7},
	"METERS":{"min": 0.0, "aver": 827.0045459976103, "count": 1674, "max": 3932.0},
	"Yard":{"min": 200.0, "aver": 200.0, "count": 1, "max": 200.0},
	"Km":{"min": 0.0, "aver": 108.57228773584907, "count": 848, "max": 2200.0},
	"kM":{"min": 111.17, "aver": 111.17, "count": 1, "max": 111.17},
	"inch":{"min": 0.01, "aver": 15.762798634812283, "count": 879, "max": 164.0},
	"Kilometers":{"min": 10.0, "aver": 769.3333333333334, "count": 30, "max": 10025.0},
	"Meters":{"min": 2.0, "aver": 193.5084745762712, "count": 59, "max": 1400.0},
	"kilometers":{"min": 0.01, "aver": 235.73921152388215, "count": 2638, "max": 35800.0},
	"m":{"min": 0.0, "aver": 5845.658835056077, "count": 38989, "max": 6378145.0},
	"feet":{"min": 0.0, "aver": 681.0050229276924, "count": 2835, "max": 65000.0},
	"M":{"min": 0.0, "aver": 637.9413316173653, "count": 19037, "max": 8848.0},
	"MILES":{"min": 3.0, "aver": 5.5, "count": 2, "max": 8.0},
	"Inch":{"min": 6.0, "aver": 6.0, "count": 1, "max": 6.0},
	"INCH":{"min": 3.0, "aver": 3.0, "count": 1, "max": 3.0},
	"meters":{"min": 0.0, "aver": 1219.2774796468318, "count": 17442, "max": 6378137.0},
	"FT":{"min": 0.4, "aver": 68.12453333333333, "count": 375, "max": 6288.0}
}