{
	"G":{"min": 0.0, "aver": 419.65828220858907, "count": 163, "max": 40307.0},
	"kg":{"min": 0.06, "aver": 567.5550893921335, "count": 1678, "max": 15622.0},
	"MG":{"min": 100.0, "aver": 100.0, "count": 1, "max": 100.0},
	"tons":{"min": 0.5, "aver": 186.05370629370634, "count": 143, "max": 8000.0},
	"pound":{"min": 0.2, "aver": 285.7941860465117, "count": 86, "max": 5277.0},
	"Tons":{"min": 220.0, "aver": 220.0, "count": 1, "max": 220.0},
	"g":{"min": 0.0, "aver": 180.96170212765958, "count": 423, "max": 2685.0},
	"kG":{"min": 2.5, "aver": 24.5, "count": 26, "max": 100.0},
	"Lbs":{"min": 11.0, "aver": 35.57142857142857, "count": 7, "max": 54.0},
	"POUND":{"min": 400.0, "aver": 400.0, "count": 3, "max": 400.0},
	"LBS":{"min": 300.0, "aver": 300.0, "count": 1, "max": 300.0},
	"Kg":{"min": 14.0, "aver": 1280.6583333333333, "count": 12, "max": 6220.0},
	"lbs":{"min": 0.35, "aver": 539.7705314009667, "count": 207, "max": 9862.0},
	"mg":{"min": 0.05, "aver": 396.68679676985226, "count": 743, "max": 2572.5},
	"kilos":{"min": 30.0, "aver": 97.5, "count": 6, "max": 250.0},
	"Mg":{"min": 2.0, "aver": 139.21875000000006, "count": 32, "max": 346.0},
	"kilogram":{"min": 0.2, "aver": 24.637666666666664, "count": 30, "max": 222.0},
	"KG":{"min": 1.0, "aver": 525.25, "count": 4, "max": 1000.0},
	"gallon":{"min": 0.45, "aver": 340.4214285714285, "count": 14, "max": 3000.0},
	"ounce":{"min": 3.68, "aver": 7.6525, "count": 8, "max": 15.0},
	"Oz":{"min": 8.0, "aver": 8.0, "count": 3, "max": 8.0},
	"oz":{"min": 0.25, "aver": 8.138975903614464, "count": 166, "max": 80.0},
	"Pound":{"min": 11.0, "aver": 322.20000000000005, "count": 15, "max": 400.0}
}