{"g":{"max": 2008.0, "aver": 195.9690336134454, "min": 0.05, "count": 238},
"DEGREES":{"max": 60.0, "aver": 45.0, "min": 30.0, "count": 2},
"Yard":{"max": 200.0, "aver": 200.0, "min": 200.0, "count": 1},
"minutes":{"max": 525600.0, "aver": 183.49910687593407, "min": 0.0, "count": 8028},
"degrees":{"max": 6000.0, "aver": 62.84323513715441, "min": 0.0, "count": 9369},
"feet":{"max": 65000.0, "aver": 680.0130249343825, "min": 0.0, "count": 1524},
"Cm":{"max": 10.7, "aver": 10.700000000000001, "min": 10.7, "count": 6},
"Feet":{"max": 45971.0, "aver": 5515.125, "min": 1.0, "count": 48},
"Degrees":{"max": 98.2, "aver": 3.41851851851852, "min": 0.5, "count": 324},
"Pound":{"max": 400.0, "aver": 361.1, "min": 11.0, "count": 10},
"miles":{"max": 638746.0, "aver": 505.9156222132155, "min": 0.01, "count": 2467},
"mi":{"max": 2500.0, "aver": 343.9399280575537, "min": 0.17, "count": 417},
"Kilometers":{"max": 205.0, "aver": 124.7058823529412, "min": 100.0, "count": 17},
"Mi":{"max": 3.5, "aver": 3.5, "min": 3.5, "count": 1},
"pound":{"max": 5277.0, "aver": 391.01666666666665, "min": 0.5, "count": 54},
"Dollar":{"max": 40.0, "aver": 40.0, "min": 40.0, "count": 7},
"gallon":{"max": 100.0, "aver": 18.362499999999997, "min": 0.45, "count": 8},
"kg":{"max": 15622.0, "aver": 582.2531395348836, "min": 0.08, "count": 946},
"POUND":{"max": 400.0, "aver": 400.0, "min": 400.0, "count": 3},
"gal":{"max": 1000.0, "aver": 119.04999999999997, "min": 1.0, "count": 60},
"tonne":{"max": 45.0, "aver": 12.142857142857142, "min": 1.5, "count": 21},
"ft":{"max": 90000.0, "aver": 2052.426488413548, "min": 0.0, "count": 561},
"KILOMETERS":{"max": 833.0, "aver": 598.1176470588236, "min": 20.0, "count": 17},
"CM":{"max": 2015.0, "aver": 109.14154589371992, "min": 0.0, "count": 207},
"kilometers":{"max": 35800.0, "aver": 232.01411362080773, "min": 0.01, "count": 1461},
"Inch":{"max": 6.0, "aver": 6.0, "min": 6.0, "count": 1},
"cm":{"max": 2000.0, "aver": 34.447933957266734, "min": 0.0, "count": 5663},
"Days":{"max": 365.0, "aver": 47.5, "min": 2.0, "count": 50},
"FEET":{"max": 12000.0, "aver": 3397.8591549295775, "min": 0.0, "count": 71},
"tons":{"max": 2500.0, "aver": 183.20303030303032, "min": 1.8, "count": 66},
"DEGREE":{"max": 18.0, "aver": 18.0, "min": 18.0, "count": 1},
"MI":{"max": 3.0, "aver": 3.0, "min": 3.0, "count": 1},
"MG":{"max": 100.0, "aver": 100.0, "min": 100.0, "count": 1},
"KM":{"max": 2000.0, "aver": 51.68975090134383, "min": 0.0, "count": 3051},
"Degree":{"max": 40.0, "aver": 2.5178899082568797, "min": 0.25, "count": 545},
"followers":{"max": 650.0, "aver": 57.68627450980392, "min": 2.0, "count": 51},
"INCH":{"max": 3.0, "aver": 3.0, "min": 3.0, "count": 1},
"hours":{"max": 40000.0, "aver": 31.468823492541127, "min": 0.0, "count": 15954},
"kM":{"max": 111.17, "aver": 111.17, "min": 111.17, "count": 1},
"LBS":{"max": 300.0, "aver": 300.0, "min": 300.0, "count": 1},
"m":{"max": 6378136.6, "aver": 6445.650786760214, "min": 0.0, "count": 21239},
"C":{"max": 3301.0, "aver": 291.7788719512195, "min": 0.0, "count": 984},
"In":{"max": 3605413.0, "aver": 77538.48957446805, "min": 1.0, "count": 47},
"km":{"max": 1256768.0, "aver": 753.0787733237015, "min": 0.0, "count": 33228},
"Weeks":{"max": 2.0, "aver": 2.0, "min": 2.0, "count": 2},
"Kg":{"max": 2600.0, "aver": 981.4833333333332, "min": 20.0, "count": 6},
"METERS":{"max": 3931.0, "aver": 849.1281284606857, "min": 0.0, "count": 903},
"c":{"max": 100.0, "aver": 20.9375, "min": 1.0, "count": 16},
"oz":{"max": 32.0, "aver": 8.364090909090912, "min": 0.25, "count": 88},
"k":{"max": 6000.0, "aver": 382.7372727272726, "min": 2.0, "count": 55},
"Ft":{"max": 4473.0, "aver": 1701.857142857143, "min": 217.0, "count": 7},
"Miles":{"max": 6015.0, "aver": 501.29545454545456, "min": 2.0, "count": 44},
"examples":{"max": 300.0, "aver": 40.583333333333336, "min": 2.0, "count": 24},
"IN":{"max": 2014.0, "aver": 1691.909090909091, "min": 4.0, "count": 11},
"inch":{"max": 94.0, "aver": 16.62670912951168, "min": 0.01, "count": 471},
"Examples":{"max": 2011.0, "aver": 208.2, "min": 2.4, "count": 10},
"dollar":{"max": 1999.0, "aver": 1999.0, "min": 1999.0, "count": 2},
"K":{"max": 25735.0, "aver": 735.6176736924282, "min": 0.0, "count": 1281},
"yard":{"max": 1000.0, "aver": 342.0, "min": 1.0, "count": 3},
"days":{"max": 530589.0, "aver": 199.12377634660453, "min": 0.01, "count": 3416},
"FT":{"max": 6288.0, "aver": 94.53348837209303, "min": 0.4, "count": 215},
"MINUTES":{"max": 45.0, "aver": 17.8, "min": 5.0, "count": 5},
"in":{"max": 72099881.0, "aver": 19382.713188405818, "min": 0.0, "count": 5037},
"meters":{"max": 6378137.0, "aver": 1175.8267905013213, "min": 0.0, "count": 9475},
"M":{"max": 8848.0, "aver": 641.0110745401759, "min": 0.0, "count": 10330},
"G":{"max": 40307.0, "aver": 643.881111111111, "min": 0.0, "count": 90},
"Minutes":{"max": 2014.0, "aver": 172.53939393939396, "min": 2.0, "count": 165},
"kilos":{"max": 250.0, "aver": 130.0, "min": 60.0, "count": 3},
"Followers":{"max": 773.0, "aver": 153.46666666666664, "min": 1.0, "count": 30},
"mg":{"max": 2572.5, "aver": 422.5191111111112, "min": 0.05, "count": 405},
"Tons":{"max": 220.0, "aver": 220.0, "min": 220.0, "count": 1},
"degree":{"max": 850.0, "aver": 6.632359735973574, "min": 0.0, "count": 4848},
"Km":{"max": 2200.0, "aver": 100.43603411513864, "min": 0.0, "count": 469},
"kG":{"max": 100.0, "aver": 22.666666666666668, "min": 3.5, "count": 15},
"HOURS":{"max": 127.0, "aver": 20.404545454545453, "min": 0.5, "count": 22},
"Hours":{"max": 8760.0, "aver": 41.8980424143556, "min": 1.5, "count": 613},
"EXAMPLES":{"max": 2.4, "aver": 2.4, "min": 2.4, "count": 2},
"KG":{"max": 1.0, "aver": 1.0, "min": 1.0, "count": 1},
"Mg":{"max": 346.0, "aver": 122.42857142857143, "min": 2.0, "count": 14},
"Oz":{"max": 8.0, "aver": 8.0, "min": 8.0, "count": 3},
"weeks":{"max": 260.0, "aver": 37.52680311890846, "min": 2.0, "count": 1026},
"ounce":{"max": 15.0, "aver": 7.59, "min": 3.68, "count": 6},
"lbs":{"max": 9862.0, "aver": 336.7256880733944, "min": 0.35, "count": 109},
"MILES":{"max": 8.0, "aver": 5.5, "min": 3.0, "count": 2},
"kilogram":{"max": 222.0, "aver": 22.798571428571428, "min": 0.23, "count": 14},
"Lbs":{"max": 54.0, "aver": 32.5, "min": 11.0, "count": 2},
"DAYS":{"max": 17.0, "aver": 12.14, "min": 3.7, "count": 5},
"Meters":{"max": 790.0, "aver": 181.83333333333334, "min": 2.0, "count": 30},
"cM":{"max": 198.0, "aver": 48.2, "min": 1.0, "count": 5}}
